/home/admin1/.hermes/scripts/x-daily-afternoon.sh: line 2: node: command not found
/home/admin1/.hermes/scripts/x-daily-afternoon.sh: line 2: node: command not found
/home/admin1/.hermes/scripts/x-daily-afternoon.sh: line 2: node: command not found
/home/admin1/.hermes/scripts/x-daily-afternoon.sh: line 2: node: command not found
/home/admin1/.hermes/scripts/x-daily-afternoon.sh: line 2: node: command not found

═══════════════════════════════════
  X Agent v2 — Daily Run
  2026-05-25
═══════════════════════════════════

🔍 Step 1: Research trending finance topics...
Search failed for: compound interest OR investment OR stock... Request failed with code 402
Search failed for: retirement OR 401k OR IRA OR retire... Request failed with code 402
Found 0 trending tweets
Trending: general finance

📝 Step 2: Check schedule (9:00 EST)...
Posting scheduled tweet...
Tweet failed: Request failed with code 402

📊 Summary:
  📊 Trends: 
  ❌ Tweet failed: Request failed with code 402
💰 API calls today: 1 (≈ $0.20)

✅ Daily run complete.
